<?xml version="1.0" encoding="UTF-8"?>
<testng-results ignored="0" total="1" passed="0" failed="1" skipped="0">
  <reporter-output>
  </reporter-output>
  <suite started-at="2021-03-08T21:54:03 EST" name="Default suite" finished-at="2021-03-08T21:54:05 EST" duration-ms="2062">
    <groups>
    </groups>
    <test started-at="2021-03-08T21:54:03 EST" name="Default test" finished-at="2021-03-08T21:54:05 EST" duration-ms="2062">
      <class name="com.qa.hs.tests.LoginTest">
        <test-method signature="loginTest()[pri:0, instance:com.qa.hs.tests.LoginTest@10feca44]" started-at="2021-03-08T21:54:04 EST" name="loginTest" finished-at="2021-03-08T21:54:05 EST" duration-ms="1915" status="FAIL">
          <exception class="java.lang.NoSuchMethodError">
            <message>
              <![CDATA['org.apache.xmlbeans.XmlObject[] org.openxmlformats.schemas.spreadsheetml.x2006.main.impl.CTFontsImpl.getXmlObjectArray(javax.xml.namespace.QName, org.apache.xmlbeans.XmlObject[])']]>
            </message>
            <full-stacktrace>
              <![CDATA[java.lang.NoSuchMethodError: 'org.apache.xmlbeans.XmlObject[] org.openxmlformats.schemas.spreadsheetml.x2006.main.impl.CTFontsImpl.getXmlObjectArray(javax.xml.namespace.QName, org.apache.xmlbeans.XmlObject[])'
at org.openxmlformats.schemas.spreadsheetml.x2006.main.impl.CTFontsImpl.getFontArray(CTFontsImpl.java:71)
at org.apache.poi.xssf.model.StylesTable.readFrom(StylesTable.java:210)
at org.apache.poi.xssf.model.StylesTable.<init>(StylesTable.java:138)
at org.apache.poi.ooxml.POIXMLFactory.createDocumentPart(POIXMLFactory.java:61)
at org.apache.poi.ooxml.POIXMLDocumentPart.read(POIXMLDocumentPart.java:660)
at org.apache.poi.ooxml.POIXMLDocument.load(POIXMLDocument.java:165)
at org.apache.poi.xssf.usermodel.XSSFWorkbook.<init>(XSSFWorkbook.java:278)
at org.apache.poi.xssf.usermodel.XSSFWorkbookFactory.createWorkbook(XSSFWorkbookFactory.java:118)
at org.apache.poi.xssf.usermodel.XSSFWorkbookFactory.create(XSSFWorkbookFactory.java:98)
at org.apache.poi.xssf.usermodel.XSSFWorkbookFactory.create(XSSFWorkbookFactory.java:36)
at org.apache.poi.ss.usermodel.WorkbookFactory.lambda$create$2(WorkbookFactory.java:199)
at org.apache.poi.ss.usermodel.WorkbookFactory.wp(WorkbookFactory.java:295)
at org.apache.poi.ss.usermodel.WorkbookFactory.create(WorkbookFactory.java:199)
at org.apache.poi.ss.usermodel.WorkbookFactory.create(WorkbookFactory.java:163)
at com.qa.keyword.engine.Keywordengine.startExecution(Keywordengine.java:42)
at com.qa.hs.tests.LoginTest.loginTest(LoginTest.java:15)
at java.base/jdk.internal.reflect.NativeMethodAccessorImpl.invoke0(Native Method)
at java.base/jdk.internal.reflect.NativeMethodAccessorImpl.invoke(NativeMethodAccessorImpl.java:64)
at java.base/jdk.internal.reflect.DelegatingMethodAccessorImpl.invoke(DelegatingMethodAccessorImpl.java:43)
at java.base/java.lang.reflect.Method.invoke(Method.java:564)
at org.testng.internal.MethodInvocationHelper.invokeMethod(MethodInvocationHelper.java:133)
at org.testng.internal.TestInvoker.invokeMethod(TestInvoker.java:598)
at org.testng.internal.TestInvoker.invokeTestMethod(TestInvoker.java:173)
at org.testng.internal.MethodRunner.runInSequence(MethodRunner.java:46)
at org.testng.internal.TestInvoker$MethodInvocationAgent.invoke(TestInvoker.java:824)
at org.testng.internal.TestInvoker.invokeTestMethods(TestInvoker.java:146)
at org.testng.internal.TestMethodWorker.invokeTestMethods(TestMethodWorker.java:146)
at org.testng.internal.TestMethodWorker.run(TestMethodWorker.java:128)
at java.base/java.util.ArrayList.forEach(ArrayList.java:1511)
at org.testng.TestRunner.privateRun(TestRunner.java:794)
at org.testng.TestRunner.run(TestRunner.java:596)
at org.testng.SuiteRunner.runTest(SuiteRunner.java:377)
at org.testng.SuiteRunner.runSequentially(SuiteRunner.java:371)
at org.testng.SuiteRunner.privateRun(SuiteRunner.java:332)
at org.testng.SuiteRunner.run(SuiteRunner.java:276)
at org.testng.SuiteRunnerWorker.runSuite(SuiteRunnerWorker.java:53)
at org.testng.SuiteRunnerWorker.run(SuiteRunnerWorker.java:96)
at org.testng.TestNG.runSuitesSequentially(TestNG.java:1212)
at org.testng.TestNG.runSuitesLocally(TestNG.java:1134)
at org.testng.TestNG.runSuites(TestNG.java:1063)
at org.testng.TestNG.run(TestNG.java:1031)
at org.testng.remote.AbstractRemoteTestNG.run(AbstractRemoteTestNG.java:115)
at org.testng.remote.RemoteTestNG.initAndRun(RemoteTestNG.java:251)
at org.testng.remote.RemoteTestNG.main(RemoteTestNG.java:77)
]]>
            </full-stacktrace>
          </exception> <!-- java.lang.NoSuchMethodError -->
          <reporter-output>
          </reporter-output>
        </test-method> <!-- loginTest -->
      </class> <!-- com.qa.hs.tests.LoginTest -->
    </test> <!-- Default test -->
  </suite> <!-- Default suite -->
</testng-results>
